<?xml version="1.0" encoding="UTF-8"?>
<!-- Generated by org.testng.reporters.JUnitXMLReporter -->
<testsuite ignored="0" hostname="LAPTOP-K87PH0RM" failures="0" tests="2" name="Error Validations Test" time="26.197" errors="0" timestamp="2025-01-24T02:31:04 IST">
  <testcase classname="SelenuimFramework1.framework1Design.tests.ErrorValidationsTest" name="LoginErrorValidation" time="0.57"/>
  <testcase classname="SelenuimFramework1.framework1Design.tests.ErrorValidationsTest" name="ProductErrorValidation" time="6.952"/>
</testsuite> <!-- Error Validations Test -->
