<?xml version="1.0" encoding="UTF-8"?>
<!-- Generated by org.testng.reporters.JUnitXMLReporter -->
<testsuite ignored="0" hostname="LAPTOP-K87PH0RM" failures="0" tests="3" name="Submit Order Test" time="63.125" errors="0" timestamp="2025-01-24T02:30:37 IST">
  <testcase classname="SelenuimFramework1.framework1Design.tests.SubmitOrderTest" name="submitOrder" time="7.84"/>
  <testcase classname="SelenuimFramework1.framework1Design.tests.SubmitOrderTest" name="submitOrder" time="13.185"/>
  <testcase classname="SelenuimFramework1.framework1Design.tests.SubmitOrderTest" name="OrderHistoryTest" time="1.394"/>
</testsuite> <!-- Submit Order Test -->
