<?xml version="1.0" encoding="UTF-8"?>
<!-- Generated by org.testng.reporters.JUnitXMLReporter -->
<testsuite ignored="0" hostname="LAPTOP-K87PH0RM" failures="0" tests="2" name="Error Validations Test" time="20.255" errors="0" timestamp="2025-01-24T18:52:29 IST">
  <testcase classname="SelenuimFramework1.framework1Design.tests.ErrorValidationsTest" name="LoginErrorValidation" time="0.663"/>
  <testcase classname="SelenuimFramework1.framework1Design.tests.ErrorValidationsTest" name="ProductErrorValidation" time="4.014"/>
</testsuite> <!-- Error Validations Test -->
