<?xml version="1.0" encoding="UTF-8"?>
<!-- Generated by org.testng.reporters.JUnitXMLReporter -->
<testsuite ignored="0" hostname="LAPTOP-K87PH0RM" failures="0" tests="3" name="Submit Order Test" time="54.56" errors="0" timestamp="2025-01-24T18:52:09 IST">
  <testcase classname="SelenuimFramework1.framework1Design.tests.SubmitOrderTest" name="submitOrder" time="6.093"/>
  <testcase classname="SelenuimFramework1.framework1Design.tests.SubmitOrderTest" name="submitOrder" time="5.529"/>
  <testcase classname="SelenuimFramework1.framework1Design.tests.SubmitOrderTest" name="OrderHistoryTest" time="1.419"/>
</testsuite> <!-- Submit Order Test -->
